<?xml version="1.0" encoding="UTF-8"?>
<!-- Generated by org.testng.reporters.JUnitXMLReporter -->
<testsuite hostname="LAPTOP-EEQKCGDV" ignored="0" name="Testing" tests="8" failures="0" timestamp="03 Aug 2018 17:33:12 GMT" time="13.926" errors="0">
  <testcase name="allCapsPassword" time="4.024" classname="tests.LoginTest"/>
  <testcase name="allCapsEmailandPassword" time="1.109" classname="tests.LoginTest"/>
  <testcase name="invalidEmail" time="1.496" classname="tests.LoginTest"/>
  <testcase name="emptyEmail" time="1.41" classname="tests.LoginTest"/>
  <testcase name="emptyPassword" time="0.978" classname="tests.LoginTest"/>
  <testcase name="passShorterThanSixChars" time="0.972" classname="tests.LoginTest"/>
  <testcase name="passLongerThanTwentyChars" time="1.798" classname="tests.LoginTest"/>
  <testcase name="allCapsEmail" time="2.083" classname="tests.LoginTest"/>
</testsuite> <!-- Testing -->
